<?xml version="1.0" encoding="UTF-8"?>
<!-- Generated by org.testng.reporters.JUnitReportReporter -->
<testsuite hostname="DESKTOP-7HNKN0S" name="testngPack.CalorieCalculatorDDT2" tests="2" failures="0" timestamp="12 Nov 2020 10:30:47 GMT" time="0.017" errors="0">
  <testcase name="Login" time="0.003" classname="testngPack.CalorieCalculatorDDT2"/>
  <testcase name="Login" time="0.014" classname="testngPack.CalorieCalculatorDDT2"/>
</testsuite> <!-- testngPack.CalorieCalculatorDDT2 -->
