<?xml version="1.0" encoding="UTF-8"?>
<!-- Generated by org.testng.reporters.JUnitReportReporter -->
<testsuite hostname="DESKTOP-7HNKN0S" name="ParticipantDemos.ZomatoTest1" tests="1" failures="0" timestamp="19 Nov 2020 11:24:59 GMT" time="30.683" errors="0">
  <testcase name="SelectingKolkata" time="30.683" classname="ParticipantDemos.ZomatoTest1"/>
</testsuite> <!-- ParticipantDemos.ZomatoTest1 -->
