<?xml version="1.0" encoding="UTF-8"?>
<!-- Generated by org.testng.reporters.JUnitReportReporter -->
<testsuite hostname="DESKTOP-7HNKN0S" name="ParticipantDemos.ZomatoTest2" tests="1" failures="0" timestamp="19 Nov 2020 11:34:47 GMT" time="51.274" errors="0">
  <testcase name="KolkataZomato" time="51.274" classname="ParticipantDemos.ZomatoTest2"/>
</testsuite> <!-- ParticipantDemos.ZomatoTest2 -->
