<?xml version="1.0" encoding="UTF-8"?>
<!-- Generated by org.testng.reporters.JUnitReportReporter -->
<testsuite hostname="DESKTOP-7HNKN0S" name="testngPack.CalorieCalculatorExcelDDT" tests="3" failures="0" timestamp="13 Nov 2020 08:59:19 GMT" time="5.232" errors="0">
  <testcase name="ExtractWebTable" time="4.631" classname="testngPack.CalorieCalculatorExcelDDT"/>
  <testcase name="EnterCalorieDetails" time="0.344" classname="testngPack.CalorieCalculatorExcelDDT"/>
  <testcase name="EnterCalorieDetails" time="0.257" classname="testngPack.CalorieCalculatorExcelDDT"/>
</testsuite> <!-- testngPack.CalorieCalculatorExcelDDT -->
