<?xml version="1.0" encoding="UTF-8"?>
<!-- Generated by org.testng.reporters.JUnitReportReporter -->
<testsuite hostname="DESKTOP-7HNKN0S" name="testngPack.LocateElementByIdNameClass" tests="1" failures="0" timestamp="11 Nov 2020 10:10:21 GMT" time="18.168" errors="0">
  <testcase name="LocateElements" time="18.168" classname="testngPack.LocateElementByIdNameClass"/>
</testsuite> <!-- testngPack.LocateElementByIdNameClass -->
