<?xml version="1.0" encoding="UTF-8"?>
<!-- Generated by org.testng.reporters.JUnitReportReporter -->
<testsuite hostname="DESKTOP-7HNKN0S" name="testngPack.HandlingFrames" tests="1" failures="0" timestamp="11 Nov 2020 10:32:21 GMT" time="13.084" errors="0">
  <testcase name="HandlingFrames" time="13.084" classname="testngPack.HandlingFrames"/>
</testsuite> <!-- testngPack.HandlingFrames -->
