<?xml version="1.0" encoding="UTF-8"?>
<!-- Generated by org.testng.reporters.JUnitReportReporter -->
<testsuite hostname="DESKTOP-7HNKN0S" name="testngPack.CalorieCalculatorDDT" tests="2" failures="0" timestamp="12 Nov 2020 10:10:05 GMT" time="0.015" errors="0">
  <testcase name="Login" time="0.001" classname="testngPack.CalorieCalculatorDDT"/>
  <testcase name="Login" time="0.014" classname="testngPack.CalorieCalculatorDDT"/>
</testsuite> <!-- testngPack.CalorieCalculatorDDT -->
