<?xml version="1.0" encoding="UTF-8"?>
<!-- Generated by org.testng.reporters.JUnitReportReporter -->
<testsuite hostname="DESKTOP-7HNKN0S" name="ParticipantDemos.Contactus" tests="1" failures="0" timestamp="19 Nov 2020 09:53:16 GMT" time="22.721" errors="0">
  <testcase name="screen" time="22.721" classname="ParticipantDemos.Contactus"/>
</testsuite> <!-- ParticipantDemos.Contactus -->
