<?xml version="1.0" encoding="UTF-8"?>
<!-- Generated by org.testng.reporters.JUnitReportReporter -->
<testsuite hostname="DESKTOP-7HNKN0S" name="testngPack.CalorieCalculatorTestCase" tests="2" failures="0" timestamp="12 Nov 2020 11:23:02 GMT" time="5.276" errors="0">
  <testcase name="ExtractWebTable" time="4.808" classname="testngPack.CalorieCalculatorTestCase"/>
  <testcase name="EnterCalorieDetails" time="0.468" classname="testngPack.CalorieCalculatorTestCase"/>
</testsuite> <!-- testngPack.CalorieCalculatorTestCase -->
