<?xml version="1.0" encoding="UTF-8"?>
<!-- Generated by org.testng.reporters.JUnitReportReporter -->
<testsuite hostname="DESKTOP-7HNKN0S" name="ParticipantDemos.ZomatoTest4" tests="1" failures="0" timestamp="19 Nov 2020 11:23:16 GMT" time="37.874" errors="0">
  <testcase name="LoginTry" time="37.874" classname="ParticipantDemos.ZomatoTest4"/>
</testsuite> <!-- ParticipantDemos.ZomatoTest4 -->
