<?xml version="1.0" encoding="UTF-8"?>
<!-- Generated by org.testng.reporters.JUnitReportReporter -->
<testsuite hostname="DESKTOP-7HNKN0S" name="ParticipantDemos.GoAirTestCase" tests="1" failures="0" timestamp="23 Nov 2020 06:03:02 GMT" time="26.393" errors="0">
  <testcase name="GoAirTC1" time="26.393" classname="ParticipantDemos.GoAirTestCase"/>
</testsuite> <!-- ParticipantDemos.GoAirTestCase -->
