<?xml version="1.0" encoding="UTF-8"?>
<!-- Generated by org.testng.reporters.JUnitReportReporter -->
<testsuite hostname="DESKTOP-7HNKN0S" name="testngPack.CalorieCalculator" tests="1" failures="0" timestamp="11 Nov 2020 10:32:21 GMT" time="21.705" errors="0">
  <testcase name="EnterCalorieDetails" time="21.705" classname="testngPack.CalorieCalculator"/>
</testsuite> <!-- testngPack.CalorieCalculator -->
