<?xml version="1.0" encoding="UTF-8"?>
<!-- Generated by org.testng.reporters.JUnitReportReporter -->
<testsuite hostname="DESKTOP-7HNKN0S" name="com.project.testcases.CalorieCalculatorPageTestCase" tests="1" failures="0" timestamp="17 Nov 2020 07:16:55 GMT" time="11.555" errors="0">
  <testcase name="EnterCalorieDetails" time="11.555" classname="com.project.testcases.CalorieCalculatorPageTestCase"/>
</testsuite> <!-- com.project.testcases.CalorieCalculatorPageTestCase -->
