<?xml version="1.0" encoding="UTF-8"?>
<!-- Generated by org.testng.reporters.JUnitReportReporter -->
<testsuite hostname="DESKTOP-7HNKN0S" name="testngPack.testngExample1" tests="2" failures="0" timestamp="18 Nov 2020 10:26:31 GMT" time="0.011" errors="0">
  <testcase name="Test2" time="0.003" classname="testngPack.testngExample1"/>
  <testcase name="Test1" time="0.008" classname="testngPack.testngExample1"/>
</testsuite> <!-- testngPack.testngExample1 -->
