<?xml version="1.0" encoding="UTF-8"?>
<!-- Generated by org.testng.reporters.JUnitReportReporter -->
<testsuite hostname="DESKTOP-7HNKN0S" name="testngPack.CalorieCalculatorTestCaseDDT" tests="3" failures="0" timestamp="12 Nov 2020 11:26:01 GMT" time="5.740" errors="0">
  <testcase name="ExtractWebTable" time="4.999" classname="testngPack.CalorieCalculatorTestCaseDDT"/>
  <testcase name="EnterCalorieDetails" time="0.301" classname="testngPack.CalorieCalculatorTestCaseDDT"/>
  <testcase name="EnterCalorieDetails" time="0.440" classname="testngPack.CalorieCalculatorTestCaseDDT"/>
</testsuite> <!-- testngPack.CalorieCalculatorTestCaseDDT -->
