<?xml version="1.0" encoding="UTF-8"?>
<!-- Generated by org.testng.reporters.JUnitReportReporter -->
<testsuite hostname="DESKTOP-7HNKN0S" name="com.tests.ExampleTest" tests="3" failures="0" timestamp="19 Nov 2020 16:29:54 GMT" time="1.299" errors="0">
  <testcase name="Seleniumtest1" time="1.297" classname="com.tests.ExampleTest"/>
  <testcase name="Seleniumtest2" time="0.001" classname="com.tests.ExampleTest"/>
  <testcase name="Seleniumtest3" time="0.001" classname="com.tests.ExampleTest"/>
</testsuite> <!-- com.tests.ExampleTest -->
