<?xml version="1.0" encoding="UTF-8"?>
<!-- Generated by org.testng.reporters.JUnitReportReporter -->
<testsuite hostname="DESKTOP-7HNKN0S" name="SeleniumPack.WebDriverManagerTest" tests="1" failures="0" timestamp="20 Nov 2020 11:32:45 GMT" time="65.265" errors="0">
  <testcase name="WebDriverManagerTest" time="65.265" classname="SeleniumPack.WebDriverManagerTest"/>
</testsuite> <!-- SeleniumPack.WebDriverManagerTest -->
