<?xml version="1.0" encoding="UTF-8"?>
<!-- Generated by org.testng.reporters.JUnitReportReporter -->
<testsuite hostname="DESKTOP-7HNKN0S" name="testngPack.CalorieCalculator4Excel_Collection" tests="3" failures="0" timestamp="13 Nov 2020 10:03:43 GMT" time="40.575" errors="0">
  <testcase name="EnterCalorieDetails" time="13.401" classname="testngPack.CalorieCalculator4Excel_Collection"/>
  <testcase name="EnterCalorieDetails" time="11.682" classname="testngPack.CalorieCalculator4Excel_Collection"/>
  <testcase name="ExtractWebTable" time="15.492" classname="testngPack.CalorieCalculator4Excel_Collection"/>
</testsuite> <!-- testngPack.CalorieCalculator4Excel_Collection -->
