<?xml version="1.0" encoding="UTF-8"?>
<!-- Generated by org.testng.reporters.JUnitReportReporter -->
<testsuite hostname="DESKTOP-7HNKN0S" name="testngPack.HandlingMouseOps" tests="1" failures="0" timestamp="11 Nov 2020 10:32:21 GMT" time="14.176" errors="0">
  <testcase name="HandlingMouseOps" time="14.176" classname="testngPack.HandlingMouseOps"/>
</testsuite> <!-- testngPack.HandlingMouseOps -->
